<?xml version="1.0" encoding="UTF-8"?>
<testng-results ignored="0" total="1" passed="1" failed="0" skipped="0">
  <reporter-output>
  </reporter-output>
  <suite started-at="2023-11-06T16:18:24 IST" name="Surefire suite" finished-at="2023-11-06T16:19:37 IST" duration-ms="72690">
    <groups>
    </groups>
    <test started-at="2023-11-06T16:18:24 IST" name="Surefire test" finished-at="2023-11-06T16:19:37 IST" duration-ms="72690">
      <class name="driverFactory.AppTest">
        <test-method signature="kickStart()[pri:0, instance:driverFactory.AppTest@77eca502]" started-at="2023-11-06T16:18:24 IST" name="kickStart" finished-at="2023-11-06T16:19:37 IST" duration-ms="72649" status="PASS">
          <reporter-output>
          </reporter-output>
        </test-method> <!-- kickStart -->
      </class> <!-- driverFactory.AppTest -->
    </test> <!-- Surefire test -->
  </suite> <!-- Surefire suite -->
</testng-results>
