<?xml version="1.0" encoding="UTF-8"?>
<!-- Generated by org.testng.reporters.JUnitXMLReporter -->
<testsuite ignored="0" hostname="JKGUPTA" failures="0" tests="5" name="chrome Orange test Report" time="7.042" errors="0" timestamp="2023-09-15T16:57:19 IST">
  <testcase classname="CrossBrowser_Tesing.OrangeHRM_Crossbroser_Tesing" name="Validate_Orange_HRM_login" time="2.264"/>
  <testcase classname="CrossBrowser_Tesing.OrangeHRM_Crossbroser_Tesing" name="Validate_Orange_HRM_login" time="0.559"/>
  <testcase classname="CrossBrowser_Tesing.OrangeHRM_Crossbroser_Tesing" name="Validate_Orange_HRM_login" time="0.431"/>
  <testcase classname="CrossBrowser_Tesing.OrangeHRM_Crossbroser_Tesing" name="Validate_Orange_HRM_login" time="0.683"/>
  <testcase classname="CrossBrowser_Tesing.OrangeHRM_Crossbroser_Tesing" name="Validate_Orange_HRM_login" time="0.781"/>
</testsuite> <!-- chrome Orange test Report -->
