<?xml version="1.0" encoding="UTF-8"?>
<!-- Generated by org.testng.reporters.JUnitXMLReporter -->
<testsuite ignored="0" hostname="JKGUPTA" failures="0" tests="5" name="edge Orange test Report" time="6.127" errors="0" timestamp="2023-09-15T16:57:34 IST">
  <testcase classname="CrossBrowser_Tesing.OrangeHRM_Crossbroser_Tesing" name="Validate_Orange_HRM_login" time="2.249"/>
  <testcase classname="CrossBrowser_Tesing.OrangeHRM_Crossbroser_Tesing" name="Validate_Orange_HRM_login" time="0.795"/>
  <testcase classname="CrossBrowser_Tesing.OrangeHRM_Crossbroser_Tesing" name="Validate_Orange_HRM_login" time="0.459"/>
  <testcase classname="CrossBrowser_Tesing.OrangeHRM_Crossbroser_Tesing" name="Validate_Orange_HRM_login" time="0.711"/>
  <testcase classname="CrossBrowser_Tesing.OrangeHRM_Crossbroser_Tesing" name="Validate_Orange_HRM_login" time="0.697"/>
</testsuite> <!-- edge Orange test Report -->
