<?xml version="1.0" encoding="UTF-8"?>
<!-- Generated by org.testng.reporters.JUnitXMLReporter -->
<testsuite ignored="0" hostname="JKGUPTA" failures="0" tests="5" name="firefox Orange test Report" time="8.399" errors="0" timestamp="2023-09-15T16:57:28 IST">
  <testcase classname="CrossBrowser_Tesing.OrangeHRM_Crossbroser_Tesing" name="Validate_Orange_HRM_login" time="2.231"/>
  <testcase classname="CrossBrowser_Tesing.OrangeHRM_Crossbroser_Tesing" name="Validate_Orange_HRM_login" time="0.49"/>
  <testcase classname="CrossBrowser_Tesing.OrangeHRM_Crossbroser_Tesing" name="Validate_Orange_HRM_login" time="0.42"/>
  <testcase classname="CrossBrowser_Tesing.OrangeHRM_Crossbroser_Tesing" name="Validate_Orange_HRM_login" time="0.663"/>
  <testcase classname="CrossBrowser_Tesing.OrangeHRM_Crossbroser_Tesing" name="Validate_Orange_HRM_login" time="0.663"/>
</testsuite> <!-- firefox Orange test Report -->
