<?xml version="1.0" encoding="UTF-8"?>
<testng-results ignored="0" total="1" passed="1" failed="0" skipped="0">
  <reporter-output>
    <line>
      <![CDATA[Browser value Not Matching]]>
    </line>
    <line>
      <![CDATA[No of rows in TCSheet::4   No of rows in TSSheet::14]]>
    </line>
    <line>
      <![CDATA[Login Success::adminflow    http://primusbank.qedgetech.com/adminflow.aspx]]>
    </line>
    <line>
      <![CDATA[Logout Success::]]>
    </line>
    <line>
      <![CDATA[Login Success::adminflow    http://primusbank.qedgetech.com/adminflow.aspx]]>
    </line>
    <line>
      <![CDATA[New Branch with id 67 created Sucessfully]]>
    </line>
    <line>
      <![CDATA[Logout Success::]]>
    </line>
    <line>
      <![CDATA[Login Success::adminflow    http://primusbank.qedgetech.com/adminflow.aspx]]>
    </line>
    <line>
      <![CDATA[Branch updated Sucessfully]]>
    </line>
    <line>
      <![CDATA[Logout Success::]]>
    </line>
    <line>
      <![CDATA[Login Success::adminflow    http://primusbank.qedgetech.com/adminflow.aspx]]>
    </line>
    <line>
      <![CDATA[New Role with id 17 Created Sucessfully]]>
    </line>
    <line>
      <![CDATA[Logout Success::]]>
    </line>
  </reporter-output>
  <suite started-at="2023-10-01T15:47:26 IST" name="Default suite" finished-at="2023-10-01T15:47:55 IST" duration-ms="29753">
    <groups>
    </groups>
    <test started-at="2023-10-01T15:47:26 IST" name="Default test" finished-at="2023-10-01T15:47:55 IST" duration-ms="29753">
      <class name="driverFactory.DriverScript">
        <test-method is-config="true" signature="setUp()[pri:0, instance:driverFactory.DriverScript@5b247367]" started-at="2023-10-01T15:47:21 IST" name="setUp" finished-at="2023-10-01T15:47:26 IST" duration-ms="4999" status="PASS">
          <reporter-output>
            <line>
              <![CDATA[Browser value Not Matching]]>
            </line>
          </reporter-output>
        </test-method> <!-- setUp -->
        <test-method signature="startTest()[pri:0, instance:driverFactory.DriverScript@5b247367]" started-at="2023-10-01T15:47:26 IST" name="startTest" finished-at="2023-10-01T15:47:55 IST" duration-ms="29696" status="PASS">
          <reporter-output>
            <line>
              <![CDATA[No of rows in TCSheet::4   No of rows in TSSheet::14]]>
            </line>
            <line>
              <![CDATA[Login Success::adminflow    http://primusbank.qedgetech.com/adminflow.aspx]]>
            </line>
            <line>
              <![CDATA[Logout Success::]]>
            </line>
            <line>
              <![CDATA[Login Success::adminflow    http://primusbank.qedgetech.com/adminflow.aspx]]>
            </line>
            <line>
              <![CDATA[New Branch with id 67 created Sucessfully]]>
            </line>
            <line>
              <![CDATA[Logout Success::]]>
            </line>
            <line>
              <![CDATA[Login Success::adminflow    http://primusbank.qedgetech.com/adminflow.aspx]]>
            </line>
            <line>
              <![CDATA[Branch updated Sucessfully]]>
            </line>
            <line>
              <![CDATA[Logout Success::]]>
            </line>
            <line>
              <![CDATA[Login Success::adminflow    http://primusbank.qedgetech.com/adminflow.aspx]]>
            </line>
            <line>
              <![CDATA[New Role with id 17 Created Sucessfully]]>
            </line>
            <line>
              <![CDATA[Logout Success::]]>
            </line>
          </reporter-output>
        </test-method> <!-- startTest -->
        <test-method is-config="true" signature="tearDown()[pri:0, instance:driverFactory.DriverScript@5b247367]" started-at="2023-10-01T15:47:55 IST" name="tearDown" finished-at="2023-10-01T15:47:56 IST" duration-ms="195" status="PASS">
          <reporter-output>
          </reporter-output>
        </test-method> <!-- tearDown -->
      </class> <!-- driverFactory.DriverScript -->
    </test> <!-- Default test -->
  </suite> <!-- Default suite -->
</testng-results>
