<?xml version="1.0" encoding="UTF-8"?>
<testng-results ignored="0" total="1" passed="1" failed="0" skipped="0">
  <reporter-output>
    <line>
      <![CDATA[No of rows are::10]]>
    </line>
    <line>
      <![CDATA[Add Employee Success::3340     3340]]>
    </line>
    <line>
      <![CDATA[Add Employee Success::3341     3341]]>
    </line>
    <line>
      <![CDATA[Add Employee Success::3342     3342]]>
    </line>
    <line>
      <![CDATA[Add Employee Success::3343     3343]]>
    </line>
    <line>
      <![CDATA[Add Employee Success::3344     3344]]>
    </line>
    <line>
      <![CDATA[Add Employee Success::3345     3345]]>
    </line>
    <line>
      <![CDATA[Add Employee Success::3346     3346]]>
    </line>
    <line>
      <![CDATA[Add Employee Success::3347     3347]]>
    </line>
    <line>
      <![CDATA[Add Employee Success::3348     3348]]>
    </line>
    <line>
      <![CDATA[Add Employee Success::3349     3349]]>
    </line>
  </reporter-output>
  <suite started-at="2023-09-30T21:47:02 IST" name="Default suite" finished-at="2023-09-30T21:47:42 IST" duration-ms="39859">
    <groups>
    </groups>
    <test started-at="2023-09-30T21:47:02 IST" name="Default test" finished-at="2023-09-30T21:47:42 IST" duration-ms="39859">
      <class name="driverFactory.DriverScript">
        <test-method is-config="true" signature="setUp()[pri:0, instance:driverFactory.DriverScript@5386659f]" started-at="2023-09-30T21:47:02 IST" name="setUp" finished-at="2023-09-30T21:47:09 IST" duration-ms="7059" status="PASS">
          <reporter-output>
          </reporter-output>
        </test-method> <!-- setUp -->
        <test-method signature="startTest()[pri:0, instance:driverFactory.DriverScript@5386659f]" started-at="2023-09-30T21:47:09 IST" name="startTest" finished-at="2023-09-30T21:47:40 IST" duration-ms="31504" status="PASS">
          <reporter-output>
            <line>
              <![CDATA[No of rows are::10]]>
            </line>
            <line>
              <![CDATA[Add Employee Success::3340     3340]]>
            </line>
            <line>
              <![CDATA[Add Employee Success::3341     3341]]>
            </line>
            <line>
              <![CDATA[Add Employee Success::3342     3342]]>
            </line>
            <line>
              <![CDATA[Add Employee Success::3343     3343]]>
            </line>
            <line>
              <![CDATA[Add Employee Success::3344     3344]]>
            </line>
            <line>
              <![CDATA[Add Employee Success::3345     3345]]>
            </line>
            <line>
              <![CDATA[Add Employee Success::3346     3346]]>
            </line>
            <line>
              <![CDATA[Add Employee Success::3347     3347]]>
            </line>
            <line>
              <![CDATA[Add Employee Success::3348     3348]]>
            </line>
            <line>
              <![CDATA[Add Employee Success::3349     3349]]>
            </line>
          </reporter-output>
        </test-method> <!-- startTest -->
        <test-method is-config="true" signature="tearDown()[pri:0, instance:driverFactory.DriverScript@5386659f]" started-at="2023-09-30T21:47:40 IST" name="tearDown" finished-at="2023-09-30T21:47:42 IST" duration-ms="1242" status="PASS">
          <reporter-output>
          </reporter-output>
        </test-method> <!-- tearDown -->
      </class> <!-- driverFactory.DriverScript -->
    </test> <!-- Default test -->
  </suite> <!-- Default suite -->
</testng-results>
