<?xml version="1.0" encoding="UTF-8"?>
<!-- Generated by org.testng.reporters.JUnitXMLReporter -->
<testsuite ignored="0" hostname="JKGUPTA" failures="0" tests="20" name="Validate primus bank Report" time="74.633" errors="0" timestamp="2023-09-13T20:37:58 IST">
  <testcase classname="Executable_TestNG.TestNG_PrimusBank" name="branches" time="0.494"/>
  <testcase classname="Executable_TestNG.TestNG_PrimusBank" name="branches" time="0.597"/>
  <testcase classname="Executable_TestNG.TestNG_PrimusBank" name="branches" time="0.303"/>
  <testcase classname="Executable_TestNG.TestNG_PrimusBank" name="branches" time="0.294"/>
  <testcase classname="Executable_TestNG.TestNG_PrimusBank" name="branches" time="0.492"/>
  <testcase classname="Executable_TestNG.TestNG_PrimusBank1" name="roles" time="0.886"/>
  <testcase classname="Executable_TestNG.TestNG_PrimusBank1" name="roles" time="0.383"/>
  <testcase classname="Executable_TestNG.TestNG_PrimusBank1" name="roles" time="0.562"/>
  <testcase classname="Executable_TestNG.TestNG_PrimusBank1" name="roles" time="0.319"/>
  <testcase classname="Executable_TestNG.TestNG_PrimusBank1" name="roles" time="0.275"/>
  <testcase classname="Executable_TestNG.TestNG_PrimusBank2" name="users" time="1.439"/>
  <testcase classname="Executable_TestNG.TestNG_PrimusBank2" name="users" time="1.457"/>
  <testcase classname="Executable_TestNG.TestNG_PrimusBank2" name="users" time="1.191"/>
  <testcase classname="Executable_TestNG.TestNG_PrimusBank2" name="users" time="1.107"/>
  <testcase classname="Executable_TestNG.TestNG_PrimusBank2" name="users" time="1.496"/>
  <testcase classname="Executable_TestNG.TestNG_PrimusBank3" name="employee" time="7.397"/>
  <testcase classname="Executable_TestNG.TestNG_PrimusBank3" name="employee" time="6.464"/>
  <testcase classname="Executable_TestNG.TestNG_PrimusBank3" name="employee" time="0.992"/>
  <testcase classname="Executable_TestNG.TestNG_PrimusBank3" name="employee" time="0.97"/>
  <testcase classname="Executable_TestNG.TestNG_PrimusBank3" name="employee" time="1.127"/>
</testsuite> <!-- Validate primus bank Report -->
