<?xml version="1.0" encoding="UTF-8"?>
<testng-results ignored="0" total="2" passed="2" failed="0" skipped="0">
  <reporter-output>
  </reporter-output>
  <suite started-at="2023-09-23T00:29:13 IST" name="Default suite" finished-at="2023-09-23T00:29:33 IST" duration-ms="20010">
    <groups>
    </groups>
    <test started-at="2023-09-23T00:29:13 IST" name="Default test" finished-at="2023-09-23T00:29:33 IST" duration-ms="20010">
      <class name="Extent_Report.Generate_ExtentReport">
        <test-method is-config="true" signature="generateReport()[pri:0, instance:Extent_Report.Generate_ExtentReport@76494737]" started-at="2023-09-23T00:29:13 IST" name="generateReport" finished-at="2023-09-23T00:29:13 IST" duration-ms="248" status="PASS">
          <reporter-output>
          </reporter-output>
        </test-method> <!-- generateReport -->
        <test-method is-config="true" signature="setUp()[pri:0, instance:Extent_Report.Generate_ExtentReport@76494737]" started-at="2023-09-23T00:29:13 IST" name="setUp" finished-at="2023-09-23T00:29:30 IST" duration-ms="16190" status="PASS">
          <reporter-output>
          </reporter-output>
        </test-method> <!-- setUp -->
        <test-method signature="testPass()[pri:0, instance:Extent_Report.Generate_ExtentReport@76494737]" started-at="2023-09-23T00:29:30 IST" name="testPass" finished-at="2023-09-23T00:29:30 IST" duration-ms="21" status="PASS">
          <reporter-output>
          </reporter-output>
        </test-method> <!-- testPass -->
        <test-method is-config="true" signature="tearDown()[pri:0, instance:Extent_Report.Generate_ExtentReport@76494737]" started-at="2023-09-23T00:29:30 IST" name="tearDown" finished-at="2023-09-23T00:29:30 IST" duration-ms="354" status="PASS">
          <reporter-output>
          </reporter-output>
        </test-method> <!-- tearDown -->
        <test-method is-config="true" signature="setUp()[pri:0, instance:Extent_Report.Generate_ExtentReport@76494737]" started-at="2023-09-23T00:29:30 IST" name="setUp" finished-at="2023-09-23T00:29:33 IST" duration-ms="2960" status="PASS">
          <reporter-output>
          </reporter-output>
        </test-method> <!-- setUp -->
        <test-method signature="testfail()[pri:0, instance:Extent_Report.Generate_ExtentReport@76494737]" started-at="2023-09-23T00:29:33 IST" name="testfail" finished-at="2023-09-23T00:29:33 IST" duration-ms="8" status="PASS">
          <reporter-output>
          </reporter-output>
        </test-method> <!-- testfail -->
        <test-method is-config="true" signature="tearDown()[pri:0, instance:Extent_Report.Generate_ExtentReport@76494737]" started-at="2023-09-23T00:29:33 IST" name="tearDown" finished-at="2023-09-23T00:29:33 IST" duration-ms="181" status="PASS">
          <reporter-output>
          </reporter-output>
        </test-method> <!-- tearDown -->
      </class> <!-- Extent_Report.Generate_ExtentReport -->
    </test> <!-- Default test -->
  </suite> <!-- Default suite -->
</testng-results>
